<?xml version="1.0" encoding="UTF-8"?>
<!-- Generated by org.testng.reporters.JUnitReportReporter -->
<testsuite hostname="LAPTOP-F9GTT2QO" failures="0" tests="1" name="testClass.NewTest" time="16.161" errors="0" timestamp="2023-07-29T18:05:48 IST" skipped="0">
  <testcase classname="testClass.NewTest" name="f" time="16.161"/>
  <system-out/>
</testsuite> <!-- testClass.NewTest -->
